
		Wed Jan 27 2021
16:04:39 OpenLink Virtuoso Universal Server
16:04:39 Version 07.20.3215-pthreads for Linux as of Nov 15 2017
16:04:39 uses parts of OpenSSL, PCRE, Html Tidy
16:04:39 SQL Optimizer enabled (max 1000 layouts)
16:04:39 Compiler unit is timed at 0.000429 msec
16:04:43 Checkpoint started
16:04:43 Roll forward started
16:04:43 Roll forward complete
16:04:43 Checkpoint started
16:04:43 Checkpoint finished, log reused
16:04:43 Checkpoint started
16:04:43 Checkpoint finished, log reused
16:04:44 Checkpoint started
16:04:44 Checkpoint finished, log reused
16:04:44 Checkpoint started
16:04:44 Checkpoint finished, log reused
16:04:45 Checkpoint started
16:04:45 Checkpoint finished, log reused
16:04:45 PL LOG: Installing Virtuoso Conductor version 1.00.8754 (DAV)
16:04:45 PL LOG: Installing with dependencies Virtuoso Conductor version 1.00.8754/2017-11-15 13:45 (DAV)
16:04:45 Checkpoint started
16:04:45 Checkpoint finished, log reused
16:04:49 Checkpoint started
16:04:49 Checkpoint finished, log reused
16:04:49 PL LOG: Installation with dependencies complete
16:04:49 Checkpoint started
16:04:49 Checkpoint finished, log reused
16:04:49 HTTP/WebDAV server online at 27015
16:04:49 Server online at 1111 (pid 19)
16:04:49 Server received signal 15
16:04:49 Initiating quick shutdown
16:04:49 Server shutdown complete

		Wed Jan 27 2021
16:04:49 OpenLink Virtuoso Universal Server
16:04:49 Version 07.20.3215-pthreads for Linux as of Nov 15 2017
16:04:49 uses parts of OpenSSL, PCRE, Html Tidy
16:04:49 Database version 3126
16:04:49 SQL Optimizer enabled (max 1000 layouts)
16:04:50 Compiler unit is timed at 0.000134 msec
16:04:51 Roll forward started
16:04:51 Roll forward complete
16:04:51 Checkpoint started
16:04:51 Checkpoint finished, log reused
16:04:51 HTTP/WebDAV server online at 8890
16:04:51 Server online at 1111 (pid 1)

		Wed Jan 27 2021
16:09:13 OpenLink Virtuoso Universal Server
16:09:13 Version 07.20.3215-pthreads for Linux as of Nov 15 2017
16:09:13 uses parts of OpenSSL, PCRE, Html Tidy
16:09:13 Database version 3126
16:09:13 SQL Optimizer enabled (max 1000 layouts)
16:09:14 Compiler unit is timed at 0.000135 msec
16:09:15 Roll forward started
16:09:15 Roll forward complete
16:09:15 Checkpoint started
16:09:15 Checkpoint finished, log reused
16:09:15 HTTP/WebDAV server online at 8890
16:09:15 Server online at 1111 (pid 1)

		Wed Jan 27 2021
16:11:30 OpenLink Virtuoso Universal Server
16:11:30 Version 07.20.3215-pthreads for Linux as of Nov 15 2017
16:11:30 uses parts of OpenSSL, PCRE, Html Tidy
16:11:30 Database version 3126
16:11:30 SQL Optimizer enabled (max 1000 layouts)
16:11:32 Compiler unit is timed at 0.000132 msec
16:11:32 Roll forward started
16:11:32 Roll forward complete
16:11:33 Checkpoint started
16:11:33 Checkpoint finished, log reused
16:11:33 HTTP/WebDAV server online at 8890
16:11:33 Server online at 1111 (pid 1)

		Wed Jan 27 2021
16:14:06 OpenLink Virtuoso Universal Server
16:14:06 Version 07.20.3215-pthreads for Linux as of Nov 15 2017
16:14:06 uses parts of OpenSSL, PCRE, Html Tidy
16:14:06 Database version 3126
16:14:06 SQL Optimizer enabled (max 1000 layouts)
16:14:08 Compiler unit is timed at 0.000175 msec
16:14:08 Roll forward started
16:14:08     3 transactions, 185 bytes replayed (100 %)
16:14:08 Roll forward complete
16:14:09 Checkpoint started
16:14:09 Checkpoint finished, log reused
16:14:11 HTTP/WebDAV server online at 8890
16:14:11 Server online at 1111 (pid 1)
16:14:14 Server received signal 15
16:14:14 Initiating quick shutdown
16:14:14 Server shutdown complete

		Wed Jan 27 2021
16:14:38 OpenLink Virtuoso Universal Server
16:14:38 Version 07.20.3215-pthreads for Linux as of Nov 15 2017
16:14:38 uses parts of OpenSSL, PCRE, Html Tidy
16:14:38 Database version 3126
16:14:38 SQL Optimizer enabled (max 1000 layouts)
16:14:39 Compiler unit is timed at 0.000153 msec
16:14:40 Roll forward started
16:14:40     3 transactions, 185 bytes replayed (100 %)
16:14:40 Roll forward complete
16:14:41 Checkpoint started
16:14:41 Checkpoint finished, log reused
16:14:41 HTTP/WebDAV server online at 8890
16:14:41 Server online at 1111 (pid 1)
16:24:30 Server received signal 15
16:24:30 Initiating quick shutdown
16:24:30 Server shutdown complete

		Wed Jan 27 2021
16:28:32 OpenLink Virtuoso Universal Server
16:28:32 Version 07.20.3215-pthreads for Linux as of Nov 15 2017
16:28:32 uses parts of OpenSSL, PCRE, Html Tidy
16:28:32 Database version 3126
16:28:32 SQL Optimizer enabled (max 1000 layouts)
16:28:33 Compiler unit is timed at 0.000133 msec
16:28:34 Roll forward started
16:28:34     3 transactions, 185 bytes replayed (100 %)
16:28:34 Roll forward complete
16:28:34 Checkpoint started
16:28:34 Checkpoint finished, log reused
16:28:35 Server received signal 15
16:28:35 Server shutdown is pending

		Wed Jan 27 2021
16:32:03 OpenLink Virtuoso Universal Server
16:32:03 Version 07.20.3215-pthreads for Linux as of Nov 15 2017
16:32:03 uses parts of OpenSSL, PCRE, Html Tidy
16:32:03 Database version 3126
16:32:03 SQL Optimizer enabled (max 1000 layouts)
16:32:04 Compiler unit is timed at 0.000134 msec
16:32:05 Roll forward started
16:32:05     3 transactions, 185 bytes replayed (100 %)
16:32:05 Roll forward complete
16:32:05 Checkpoint started
16:32:05 Checkpoint finished, log reused
16:32:07 HTTP/WebDAV server online at 8890
16:32:07 Server online at 1111 (pid 1)

		Wed Jan 27 2021
16:35:29 OpenLink Virtuoso Universal Server
16:35:29 Version 07.20.3215-pthreads for Linux as of Nov 15 2017
16:35:29 uses parts of OpenSSL, PCRE, Html Tidy
16:35:29 Database version 3126
16:35:29 SQL Optimizer enabled (max 1000 layouts)
16:35:30 Compiler unit is timed at 0.000130 msec
16:35:31 Roll forward started
16:35:31 Roll forward complete
16:35:31 Checkpoint started
16:35:31 Checkpoint finished, log reused
16:35:33 HTTP/WebDAV server online at 8890
16:35:33 Server online at 1111 (pid 1)

		Wed Jan 27 2021
16:44:40 OpenLink Virtuoso Universal Server
16:44:40 Version 07.20.3215-pthreads for Linux as of Nov 15 2017
16:44:40 uses parts of OpenSSL, PCRE, Html Tidy
16:44:40 Database version 3126
16:44:40 SQL Optimizer enabled (max 1000 layouts)
16:44:41 Compiler unit is timed at 0.000133 msec
16:44:42 Roll forward started
16:44:42     3 transactions, 185 bytes replayed (100 %)
16:44:42 Roll forward complete
16:44:42 Checkpoint started
16:44:43 Checkpoint finished, log reused
16:44:45 HTTP/WebDAV server online at 8890
16:44:45 Server online at 1111 (pid 1)

		Wed Jan 27 2021
16:49:01 OpenLink Virtuoso Universal Server
16:49:01 Version 07.20.3215-pthreads for Linux as of Nov 15 2017
16:49:01 uses parts of OpenSSL, PCRE, Html Tidy
16:49:01 Database version 3126
16:49:01 SQL Optimizer enabled (max 1000 layouts)
16:49:02 Compiler unit is timed at 0.000141 msec
16:49:03 Roll forward started
16:49:03     3 transactions, 185 bytes replayed (100 %)
16:49:03 Roll forward complete
16:49:03 Checkpoint started
16:49:03 Checkpoint finished, log reused

		Wed Jan 27 2021
17:10:01 OpenLink Virtuoso Universal Server
17:10:01 Version 07.20.3215-pthreads for Linux as of Nov 15 2017
17:10:01 uses parts of OpenSSL, PCRE, Html Tidy
17:10:02 Database version 3126
17:10:02 SQL Optimizer enabled (max 1000 layouts)
17:10:03 Compiler unit is timed at 0.000140 msec
17:10:04 Roll forward started
17:10:04     3 transactions, 185 bytes replayed (100 %)
17:10:04 Roll forward complete
17:10:04 Checkpoint started
17:10:04 Checkpoint finished, log reused
17:10:04 HTTP/WebDAV server online at 8890
17:10:04 Server online at 1111 (pid 1)
17:10:07 Server received signal 15
17:10:07 Initiating quick shutdown
17:10:07 Server shutdown complete

		Wed Jan 27 2021
17:10:59 OpenLink Virtuoso Universal Server
17:10:59 Version 07.20.3215-pthreads for Linux as of Nov 15 2017
17:10:59 uses parts of OpenSSL, PCRE, Html Tidy
17:10:59 Database version 3126
17:10:59 SQL Optimizer enabled (max 1000 layouts)
17:11:00 Compiler unit is timed at 0.000134 msec
17:11:01 Roll forward started
17:11:01     3 transactions, 185 bytes replayed (100 %)
17:11:01 Roll forward complete
17:11:01 Checkpoint started
17:11:01 Checkpoint finished, log reused
17:11:02 Server received signal 15
17:11:02 Server shutdown is pending

		Wed Jan 27 2021
17:11:49 OpenLink Virtuoso Universal Server
17:11:49 Version 07.20.3215-pthreads for Linux as of Nov 15 2017
17:11:49 uses parts of OpenSSL, PCRE, Html Tidy
17:11:49 Database version 3126
17:11:49 SQL Optimizer enabled (max 1000 layouts)
17:11:50 Server received signal 15
17:11:50 Server shutdown is pending

		Wed Jan 27 2021
17:20:16 OpenLink Virtuoso Universal Server
17:20:16 Version 07.20.3215-pthreads for Linux as of Nov 15 2017
17:20:16 uses parts of OpenSSL, PCRE, Html Tidy
17:20:16 Database version 3126
17:20:16 SQL Optimizer enabled (max 1000 layouts)
17:20:18 Compiler unit is timed at 0.000136 msec
17:20:18 Roll forward started
17:20:18     3 transactions, 185 bytes replayed (100 %)
17:20:18 Roll forward complete
17:20:19 Checkpoint started
17:20:19 Checkpoint finished, log reused
17:20:21 HTTP/WebDAV server online at 8890
17:20:21 Server online at 1111 (pid 1)

		Wed Jan 27 2021
17:20:34 OpenLink Virtuoso Universal Server
17:20:34 Version 07.20.3215-pthreads for Linux as of Nov 15 2017
17:20:34 uses parts of OpenSSL, PCRE, Html Tidy
17:20:34 Database version 3126
17:20:34 SQL Optimizer enabled (max 1000 layouts)
17:20:35 Compiler unit is timed at 0.000133 msec
17:20:36 Roll forward started
17:20:36 Roll forward complete
17:20:36 Checkpoint started
17:20:36 Checkpoint finished, log reused
17:20:36 HTTP/WebDAV server online at 8890
17:20:36 Server online at 1111 (pid 1)
17:20:57 Server received signal 15
17:20:57 Initiating quick shutdown
17:20:57 Server shutdown complete

		Wed Jan 27 2021
17:27:02 OpenLink Virtuoso Universal Server
17:27:02 Version 07.20.3215-pthreads for Linux as of Nov 15 2017
17:27:02 uses parts of OpenSSL, PCRE, Html Tidy
17:27:02 Database version 3126
17:27:02 SQL Optimizer enabled (max 1000 layouts)
17:27:03 Compiler unit is timed at 0.000142 msec
17:27:04 Roll forward started
17:27:04     3 transactions, 185 bytes replayed (100 %)
17:27:04 Roll forward complete
17:27:05 Checkpoint started
17:27:05 Checkpoint finished, log reused
17:27:05 Server received signal 15
17:27:05 Server shutdown is pending
17:27:07 HTTP/WebDAV server online at 8890
17:27:07 Server online at 1111 (pid 1)
17:27:07 Initiating quick shutdown
17:27:07 Server shutdown complete

		Wed Jan 27 2021
17:27:10 OpenLink Virtuoso Universal Server
17:27:10 Version 07.20.3215-pthreads for Linux as of Nov 15 2017
17:27:10 uses parts of OpenSSL, PCRE, Html Tidy
17:27:10 Database version 3126
17:27:10 SQL Optimizer enabled (max 1000 layouts)

		Wed Jan 27 2021
17:27:20 OpenLink Virtuoso Universal Server
17:27:20 Version 07.20.3215-pthreads for Linux as of Nov 15 2017
17:27:20 uses parts of OpenSSL, PCRE, Html Tidy
17:27:20 Database version 3126
17:27:20 SQL Optimizer enabled (max 1000 layouts)
17:27:21 Compiler unit is timed at 0.000151 msec
17:27:22 Roll forward started
17:27:22     3 transactions, 185 bytes replayed (100 %)
17:27:22 Roll forward complete
17:27:22 Checkpoint started
17:27:22 Checkpoint finished, log reused
17:27:22 HTTP/WebDAV server online at 8890
17:27:22 Server online at 1111 (pid 1)
17:27:33 Server received signal 15
17:27:33 Initiating quick shutdown
17:27:33 Server shutdown complete

		Wed Jan 27 2021
17:34:20 OpenLink Virtuoso Universal Server
17:34:20 Version 07.20.3215-pthreads for Linux as of Nov 15 2017
17:34:20 uses parts of OpenSSL, PCRE, Html Tidy
17:34:20 Database version 3126
17:34:20 SQL Optimizer enabled (max 1000 layouts)
17:34:22 Compiler unit is timed at 0.000146 msec
17:34:23 Roll forward started
17:34:23     3 transactions, 185 bytes replayed (100 %)
17:34:23 Roll forward complete
17:34:23 Checkpoint started
17:34:23 Checkpoint finished, log reused
17:34:23 HTTP/WebDAV server online at 8890
17:34:23 Server online at 1111 (pid 1)

		Wed Jan 27 2021
17:36:41 OpenLink Virtuoso Universal Server
17:36:41 Version 07.20.3215-pthreads for Linux as of Nov 15 2017
17:36:41 uses parts of OpenSSL, PCRE, Html Tidy
17:36:41 Database version 3126
17:36:41 SQL Optimizer enabled (max 1000 layouts)
17:36:42 Compiler unit is timed at 0.000141 msec
17:36:43 Roll forward started
17:36:43     3 transactions, 185 bytes replayed (100 %)
17:36:43 Roll forward complete
17:36:44 Checkpoint started
17:36:44 Checkpoint finished, log reused
17:36:44 HTTP/WebDAV server online at 8890
17:36:44 Server online at 1111 (pid 1)

		Wed Jan 27 2021
17:50:40 OpenLink Virtuoso Universal Server
17:50:40 Version 07.20.3215-pthreads for Linux as of Nov 15 2017
17:50:40 uses parts of OpenSSL, PCRE, Html Tidy
17:50:40 Database version 3126
17:50:40 SQL Optimizer enabled (max 1000 layouts)
17:50:41 Compiler unit is timed at 0.000136 msec
17:50:42 Roll forward started
17:50:42     3 transactions, 185 bytes replayed (100 %)
17:50:42 Roll forward complete
17:50:43 Checkpoint started
17:50:43 Checkpoint finished, log reused
17:50:43 HTTP/WebDAV server online at 8890
17:50:43 Server online at 1111 (pid 1)
17:50:44 Server received signal 15
17:50:44 Initiating quick shutdown
17:50:44 Server shutdown complete

		Wed Jan 27 2021
17:50:56 OpenLink Virtuoso Universal Server
17:50:56 Version 07.20.3215-pthreads for Linux as of Nov 15 2017
17:50:56 uses parts of OpenSSL, PCRE, Html Tidy
17:50:56 Database version 3126
17:50:56 SQL Optimizer enabled (max 1000 layouts)
17:50:57 Compiler unit is timed at 0.000134 msec
17:50:58 Roll forward started
17:50:58     3 transactions, 185 bytes replayed (100 %)
17:50:58 Roll forward complete
17:50:58 Checkpoint started
17:50:59 Checkpoint finished, log reused
17:50:59 HTTP/WebDAV server online at 8890
17:50:59 Server online at 1111 (pid 1)

		Wed Jan 27 2021
18:23:26 OpenLink Virtuoso Universal Server
18:23:26 Version 07.20.3215-pthreads for Linux as of Nov 15 2017
18:23:26 uses parts of OpenSSL, PCRE, Html Tidy
18:23:26 Database version 3126
18:23:26 SQL Optimizer enabled (max 1000 layouts)
18:23:28 Compiler unit is timed at 0.000149 msec
18:23:29 Roll forward started
18:23:29     3 transactions, 185 bytes replayed (100 %)
18:23:29 Roll forward complete
18:23:29 Checkpoint started
18:23:29 Checkpoint finished, log reused
18:23:29 HTTP/WebDAV server online at 8890
18:23:29 Server online at 1111 (pid 1)
18:25:57 Server received signal 15
18:25:57 Initiating quick shutdown
18:25:57 Server shutdown complete

		Wed Jan 27 2021
18:26:00 OpenLink Virtuoso Universal Server
18:26:00 Version 07.20.3215-pthreads for Linux as of Nov 15 2017
18:26:00 uses parts of OpenSSL, PCRE, Html Tidy
18:26:00 Database version 3126
18:26:00 SQL Optimizer enabled (max 1000 layouts)
18:26:01 Compiler unit is timed at 0.000144 msec
18:26:02 Roll forward started
18:26:02     3 transactions, 185 bytes replayed (100 %)
18:26:02 Roll forward complete
18:26:03 Checkpoint started
18:26:03 Checkpoint finished, log reused
18:26:05 HTTP/WebDAV server online at 8890
18:26:05 Server online at 1111 (pid 1)

		Wed Jan 27 2021
19:27:31 OpenLink Virtuoso Universal Server
19:27:31 Version 07.20.3215-pthreads for Linux as of Nov 15 2017
19:27:31 uses parts of OpenSSL, PCRE, Html Tidy
19:27:31 Database version 3126
19:27:31 SQL Optimizer enabled (max 1000 layouts)
19:27:32 Compiler unit is timed at 0.000147 msec
19:27:33 Roll forward started
19:27:33     3 transactions, 185 bytes replayed (100 %)
19:27:33 Roll forward complete
19:27:33 Checkpoint started
19:27:33 Checkpoint finished, log reused
19:27:34 HTTP/WebDAV server online at 8890
19:27:34 Server online at 1111 (pid 1)
19:28:09 Server received signal 15
19:28:09 Initiating quick shutdown
19:28:09 Server shutdown complete

		Wed Jan 27 2021
19:34:43 OpenLink Virtuoso Universal Server
19:34:43 Version 07.20.3215-pthreads for Linux as of Nov 15 2017
19:34:43 uses parts of OpenSSL, PCRE, Html Tidy
19:34:43 Database version 3126
19:34:43 SQL Optimizer enabled (max 1000 layouts)
19:34:44 Compiler unit is timed at 0.000215 msec
19:34:45 Roll forward started
19:34:45     3 transactions, 185 bytes replayed (100 %)
19:34:45 Roll forward complete
19:34:46 Checkpoint started
19:34:46 Checkpoint finished, log reused
19:34:46 HTTP/WebDAV server online at 8890
19:34:46 Server online at 1111 (pid 1)

		Wed Jan 27 2021
19:36:56 OpenLink Virtuoso Universal Server
19:36:56 Version 07.20.3215-pthreads for Linux as of Nov 15 2017
19:36:56 uses parts of OpenSSL, PCRE, Html Tidy
19:36:56 Database version 3126
19:36:56 SQL Optimizer enabled (max 1000 layouts)
19:36:58 Compiler unit is timed at 0.000327 msec
19:36:59 Roll forward started
19:36:59     3 transactions, 185 bytes replayed (100 %)
19:36:59 Roll forward complete
19:37:00 Checkpoint started
19:37:00 Checkpoint finished, log reused
19:37:00 HTTP/WebDAV server online at 8890
19:37:00 Server online at 1111 (pid 1)

		Thu Jan 28 2021
10:28:38 OpenLink Virtuoso Universal Server
10:28:38 Version 07.20.3215-pthreads for Linux as of Nov 15 2017
10:28:38 uses parts of OpenSSL, PCRE, Html Tidy
10:28:38 Database version 3126
10:28:38 SQL Optimizer enabled (max 1000 layouts)
10:28:39 Compiler unit is timed at 0.000155 msec
10:28:40 Roll forward started
10:28:40     3 transactions, 185 bytes replayed (100 %)
10:28:40 Roll forward complete
10:28:41 Checkpoint started
10:28:41 Checkpoint finished, log reused
10:28:41 HTTP/WebDAV server online at 8890
10:28:41 Server online at 1111 (pid 1)
